<?xml version="1.0" encoding="UTF-8"?>
<!-- Generated by org.testng.reporters.JUnitReportReporter -->
<testsuite hostname="Shashidharswamy" name="com.test.Launch" tests="1" failures="0" timestamp="9 Oct 2022 11:07:06 GMT" time="6.041" errors="0">
  <testcase name="test" time="6.041" classname="com.test.Launch"/>
</testsuite> <!-- com.test.Launch -->
